2016-03-3110:00:36 [main] INFO  com.creditease.xyuan.httpTest.Util.MyLog(line-20) 0     - 取得runmode
  2016-03-3110:00:36 [main] INFO  com.creditease.xyuan.httpTest.Util.MyLog(line-20) 16    - runMode:3，运行AppointedTest.xml下的指定用例 
  2016-03-3110:00:36 [main] INFO  com.creditease.xyuan.httpTest.Util.MyLog(line-20) 16    - 取得待运行的测试用例
  2016-03-3110:00:36 [main] INFO  com.creditease.xyuan.httpTest.Util.MyLog(line-20) 281   - 运行顺序执行的用例
  2016-03-3110:00:36 [main] INFO  com.creditease.xyuan.httpTest.Util.MyLog(line-20) 297   - TESTNG动态执行用例。模块名：connect,用例名称：oldUserLoginWithUID
  2016-03-3110:00:36 [main] INFO  com.creditease.xyuan.httpTest.Util.MyLog(line-20) 609   - 取得用例配置
  2016-03-3110:00:36 [main] INFO  com.creditease.xyuan.httpTest.Util.MyLog(line-20) 640   - 开始执行SOCKET处理流程
  2016-03-3110:00:36 [main] INFO  com.creditease.xyuan.httpTest.Util.MyLog(line-20) 640   - 取得配置数据数据connect
  2016-03-3110:00:36 [main] INFO  com.creditease.xyuan.httpTest.Util.MyLog(line-20) 640   - 取得业务数据:oldUserLoginWithUID
  2016-03-3110:00:36 [main] INFO  com.creditease.xyuan.httpTest.Util.MyLog(line-20) 811   - 执行SOCKET请求
  2016-03-3110:00:36 [main] INFO  com.creditease.xyuan.httpTest.Util.MyLog(line-20) 811   - 建立新连接
  2016-03-3110:00:37 [main] INFO  com.creditease.xyuan.httpTest.Util.MyLog(line-20) 1842  - 发送 数据:{"body":{"uid":"d2748ea7d6fe96136259e0c4e4879f36","platform":"android","osVersion":"5.0.2","imei":"867628025939315","devMode":"PLK-TL01H","mac":"ac:cf:85:47:6c:e4","serialNum":"MYV0215A13000951"},"header":{"reqId":"123","reqType":"login","appKey":"8aa4a89a52810799015281c6e36e0009|com.test.pushdemo"}}
  2016-03-3110:00:37 [main] INFO  com.creditease.xyuan.httpTest.Util.MyLog(line-20) 1842  - 接收数据并返回，10秒内检查缓存区内容，防止服务端响应不及时
  2016-03-3110:00:39 [main] INFO  com.creditease.xyuan.httpTest.Util.MyLog(line-20) 2856  - 接收到数据{"body":"{\"uid\":\"d2748ea7d6fe96136259e0c4e4879f36\"}","header":{"reqId":"123","resType":"login","status":"1","uid":"d2748ea7d6fe96136259e0c4e4879f36"}}
  2016-03-3110:00:39 [main] INFO  com.creditease.xyuan.httpTest.Util.MyLog(line-20) 2856  - 结果验证
  2016-03-3110:00:39 [main] INFO  com.creditease.xyuan.httpTest.Util.MyLog(line-20) 2888  - 验证的方法名：oldUserLoginWithUID
  2016-03-3110:00:39 [main] INFO  com.creditease.xyuan.httpTest.Util.MyLog(line-20) 3153  - TESTNG动态执行用例。模块名：alias,用例名称：'setAlias'
  2016-03-3110:00:39 [main] INFO  com.creditease.xyuan.httpTest.Util.MyLog(line-20) 3169  - 取得用例配置
  2016-03-3110:00:39 [main] INFO  com.creditease.xyuan.httpTest.Util.MyLog(line-20) 3169  - 开始执行SOCKET处理流程
  2016-03-3110:00:39 [main] INFO  com.creditease.xyuan.httpTest.Util.MyLog(line-20) 3169  - 取得配置数据数据alias
  2016-03-3110:00:39 [main] INFO  com.creditease.xyuan.httpTest.Util.MyLog(line-20) 3169  - 取得业务数据:'setAlias'
  2016-03-3110:00:39 [main] ERROR com.creditease.xyuan.httpTest.Util.MyLog(line-24) 3169  - 数据结点未进行配置，用例名：'setAlias'
  2016-03-3110:01:23 [main] INFO  com.creditease.xyuan.httpTest.Util.MyLog(line-20) 0     - 取得runmode
  2016-03-3110:01:23 [main] INFO  com.creditease.xyuan.httpTest.Util.MyLog(line-20) 0     - runMode:3，运行AppointedTest.xml下的指定用例 
  2016-03-3110:01:23 [main] INFO  com.creditease.xyuan.httpTest.Util.MyLog(line-20) 0     - 取得待运行的测试用例
  2016-03-3110:01:23 [main] INFO  com.creditease.xyuan.httpTest.Util.MyLog(line-20) 172   - 运行顺序执行的用例
  2016-03-3110:01:23 [main] INFO  com.creditease.xyuan.httpTest.Util.MyLog(line-20) 172   - TESTNG动态执行用例。模块名：connect,用例名称：oldUserLoginWithUID
  2016-03-3110:01:23 [main] INFO  com.creditease.xyuan.httpTest.Util.MyLog(line-20) 343   - 取得用例配置
  2016-03-3110:01:23 [main] INFO  com.creditease.xyuan.httpTest.Util.MyLog(line-20) 359   - 开始执行SOCKET处理流程
  2016-03-3110:01:23 [main] INFO  com.creditease.xyuan.httpTest.Util.MyLog(line-20) 359   - 取得配置数据数据connect
  2016-03-3110:01:23 [main] INFO  com.creditease.xyuan.httpTest.Util.MyLog(line-20) 359   - 取得业务数据:oldUserLoginWithUID
  2016-03-3110:01:24 [main] INFO  com.creditease.xyuan.httpTest.Util.MyLog(line-20) 453   - 执行SOCKET请求
  2016-03-3110:01:24 [main] INFO  com.creditease.xyuan.httpTest.Util.MyLog(line-20) 453   - 建立新连接
  2016-03-3110:01:24 [main] INFO  com.creditease.xyuan.httpTest.Util.MyLog(line-20) 453   - 发送 数据:{"body":{"uid":"d2748ea7d6fe96136259e0c4e4879f36","platform":"android","osVersion":"5.0.2","imei":"867628025939315","devMode":"PLK-TL01H","mac":"ac:cf:85:47:6c:e4","serialNum":"MYV0215A13000951"},"header":{"reqId":"123","reqType":"login","appKey":"8aa4a89a52810799015281c6e36e0009|com.test.pushdemo"}}
  2016-03-3110:01:24 [main] INFO  com.creditease.xyuan.httpTest.Util.MyLog(line-20) 453   - 接收数据并返回，10秒内检查缓存区内容，防止服务端响应不及时
  2016-03-3110:01:25 [main] INFO  com.creditease.xyuan.httpTest.Util.MyLog(line-20) 1467  - 接收到数据{"body":"{\"uid\":\"d2748ea7d6fe96136259e0c4e4879f36\"}","header":{"reqId":"123","resType":"login","status":"1","uid":"d2748ea7d6fe96136259e0c4e4879f36"}}
  2016-03-3110:01:25 [main] INFO  com.creditease.xyuan.httpTest.Util.MyLog(line-20) 1467  - 结果验证
  2016-03-3110:01:25 [main] INFO  com.creditease.xyuan.httpTest.Util.MyLog(line-20) 1467  - 验证的方法名：oldUserLoginWithUID
  2016-03-3110:01:25 [main] INFO  com.creditease.xyuan.httpTest.Util.MyLog(line-20) 1546  - TESTNG动态执行用例。模块名：alias,用例名称：setAlias
  2016-03-3110:01:25 [main] INFO  com.creditease.xyuan.httpTest.Util.MyLog(line-20) 1561  - 取得用例配置
  2016-03-3110:01:25 [main] INFO  com.creditease.xyuan.httpTest.Util.MyLog(line-20) 1561  - 开始执行SOCKET处理流程
  2016-03-3110:01:25 [main] INFO  com.creditease.xyuan.httpTest.Util.MyLog(line-20) 1561  - 取得配置数据数据alias
  2016-03-3110:01:25 [main] INFO  com.creditease.xyuan.httpTest.Util.MyLog(line-20) 1561  - 取得业务数据:setAlias
  2016-03-3110:01:25 [main] INFO  com.creditease.xyuan.httpTest.Util.MyLog(line-20) 1561  - 执行SOCKET请求
  2016-03-3110:01:25 [main] INFO  com.creditease.xyuan.httpTest.Util.MyLog(line-20) 1561  - 连接仍存在，重用连接
  2016-03-3110:01:25 [main] INFO  com.creditease.xyuan.httpTest.Util.MyLog(line-20) 1561  - 发送 数据:{"body":{"alias":"别名test_123"},"header":{"uid":"d2748ea7d6fe96136259e0c4e4879f36","reqId":"123","reqType":"alias"}}
  2016-03-3110:01:25 [main] INFO  com.creditease.xyuan.httpTest.Util.MyLog(line-20) 1561  - 接收数据并返回，10秒内检查缓存区内容，防止服务端响应不及时
  2016-03-3110:01:26 [main] INFO  com.creditease.xyuan.httpTest.Util.MyLog(line-20) 2575  - 接收到数据{"body":"处理成功","header":{"message":"处理成功","reqId":"123","resType":"alias","status":"1"}}
  2016-03-3110:01:26 [main] INFO  com.creditease.xyuan.httpTest.Util.MyLog(line-20) 2575  - 结果验证
  2016-03-3110:01:26 [main] INFO  com.creditease.xyuan.httpTest.Util.MyLog(line-20) 2575  - 验证的方法名：setAlias
  2016-03-3111:13:05 [main] INFO  com.creditease.xyuan.httpTest.Util.MyLog(line-20) 0     - 取得runmode
  2016-03-3111:13:05 [main] INFO  com.creditease.xyuan.httpTest.Util.MyLog(line-20) 0     - runMode:3，运行AppointedTest.xml下的指定用例 
  2016-03-3111:13:05 [main] INFO  com.creditease.xyuan.httpTest.Util.MyLog(line-20) 0     - 取得待运行的测试用例
  2016-03-3111:13:05 [main] INFO  com.creditease.xyuan.httpTest.Util.MyLog(line-20) 188   - 运行顺序执行的用例
  2016-03-3111:13:05 [main] INFO  com.creditease.xyuan.httpTest.Util.MyLog(line-20) 203   - TESTNG动态执行用例。模块名：connect,用例名称：newUserLogin
  2016-03-3111:13:05 [main] INFO  com.creditease.xyuan.httpTest.Util.MyLog(line-20) 375   - 取得用例配置
  2016-03-3111:13:05 [main] INFO  com.creditease.xyuan.httpTest.Util.MyLog(line-20) 390   - 开始执行SOCKET处理流程
  2016-03-3111:13:05 [main] INFO  com.creditease.xyuan.httpTest.Util.MyLog(line-20) 390   - 取得配置数据数据connect
  2016-03-3111:13:05 [main] INFO  com.creditease.xyuan.httpTest.Util.MyLog(line-20) 390   - 取得业务数据:newUserLogin
  2016-03-3111:13:05 [main] INFO  com.creditease.xyuan.httpTest.Util.MyLog(line-20) 390   - 处理FUNC参数，动态生成数据
  2016-03-3111:13:05 [main] INFO  com.creditease.xyuan.httpTest.Util.MyLog(line-20) 406   - 处理FUNC参数，动态生成数据
  2016-03-3111:13:05 [main] INFO  com.creditease.xyuan.httpTest.Util.MyLog(line-20) 406   - 处理FUNC参数，动态生成数据
  2016-03-3111:13:05 [main] INFO  com.creditease.xyuan.httpTest.Util.MyLog(line-20) 484   - 执行SOCKET请求
  2016-03-3111:13:05 [main] INFO  com.creditease.xyuan.httpTest.Util.MyLog(line-20) 484   - 建立新连接
  2016-03-3111:13:07 [main] INFO  com.creditease.xyuan.httpTest.Util.MyLog(line-20) 1514  - 发送 数据:{"body":{"uid":"","platform":"android","osVersion":"4.2.2","imei":"432315147909828","mac":"9F:79:E7:A0:DA:0D","devMode":"hw-h601","serialNum":"5564245238561374"},"header":{"reqId":"123","reqType":"login","appKey":"8aa4a89a535a06eb01535f6104e80005|shenyun.androiddemo"}}
  2016-03-3111:13:07 [main] INFO  com.creditease.xyuan.httpTest.Util.MyLog(line-20) 1514  - 接收数据并返回，10秒内检查缓存区内容，防止服务端响应不及时
  2016-03-3111:13:08 [main] INFO  com.creditease.xyuan.httpTest.Util.MyLog(line-20) 2528  - 接收到数据{"body":"{\"uid\":\"e7c74c33dcfdd4f8501fcb348eb9b246\"}","header":{"reqId":"123","resType":"login","status":"1","uid":"e7c74c33dcfdd4f8501fcb348eb9b246"}}
  2016-03-3111:13:08 [main] INFO  com.creditease.xyuan.httpTest.Util.MyLog(line-20) 2528  - 结果验证
  2016-03-3111:13:08 [main] INFO  com.creditease.xyuan.httpTest.Util.MyLog(line-20) 2528  - 验证的方法名：newUserLogin
  2016-03-3111:13:08 [main] INFO  com.creditease.xyuan.httpTest.Util.MyLog(line-20) 2528  - 处理FUNC参数，动态生成数据
  2016-03-3111:13:08 [main] INFO  com.creditease.xyuan.httpTest.Util.MyLog(line-20) 2528  - 处理FUNC参数，动态生成数据
  2016-03-3111:13:08 [main] INFO  com.creditease.xyuan.httpTest.Util.MyLog(line-20) 2528  - 处理FUNC参数，动态生成数据
  2016-03-3111:13:52 [main] INFO  com.creditease.xyuan.httpTest.Util.MyLog(line-20) 0     - 取得runmode
  2016-03-3111:13:52 [main] INFO  com.creditease.xyuan.httpTest.Util.MyLog(line-20) 10    - runMode:3，运行AppointedTest.xml下的指定用例 
  2016-03-3111:13:52 [main] INFO  com.creditease.xyuan.httpTest.Util.MyLog(line-20) 10    - 取得待运行的测试用例
  2016-03-3111:13:52 [main] INFO  com.creditease.xyuan.httpTest.Util.MyLog(line-20) 190   - 运行顺序执行的用例
  2016-03-3111:13:52 [main] INFO  com.creditease.xyuan.httpTest.Util.MyLog(line-20) 210   - TESTNG动态执行用例。模块名：connect,用例名称：newUserLogin
  2016-03-3111:13:53 [main] INFO  com.creditease.xyuan.httpTest.Util.MyLog(line-20) 380   - 取得用例配置
  2016-03-3111:13:53 [main] INFO  com.creditease.xyuan.httpTest.Util.MyLog(line-20) 390   - 开始执行SOCKET处理流程
  2016-03-3111:13:53 [main] INFO  com.creditease.xyuan.httpTest.Util.MyLog(line-20) 390   - 取得配置数据数据connect
  2016-03-3111:13:53 [main] INFO  com.creditease.xyuan.httpTest.Util.MyLog(line-20) 400   - 取得业务数据:newUserLogin
  2016-03-3111:13:53 [main] INFO  com.creditease.xyuan.httpTest.Util.MyLog(line-20) 400   - 处理FUNC参数，动态生成数据
  2016-03-3111:13:53 [main] INFO  com.creditease.xyuan.httpTest.Util.MyLog(line-20) 400   - 处理FUNC参数，动态生成数据
  2016-03-3111:13:53 [main] INFO  com.creditease.xyuan.httpTest.Util.MyLog(line-20) 410   - 处理FUNC参数，动态生成数据
  2016-03-3111:13:53 [main] INFO  com.creditease.xyuan.httpTest.Util.MyLog(line-20) 490   - 执行SOCKET请求
  2016-03-3111:13:53 [main] INFO  com.creditease.xyuan.httpTest.Util.MyLog(line-20) 490   - 建立新连接
  2016-03-3111:13:53 [main] INFO  com.creditease.xyuan.httpTest.Util.MyLog(line-20) 500   - 发送 数据:{"body":{"uid":"","platform":"android","osVersion":"4.2.2","imei":"924742000608128","mac":"E1:C4:9B:E6:F6:3C","devMode":"hw-h601","serialNum":"8936731178156641"},"header":{"reqId":"123","reqType":"login","appKey":"8aa4a89a535a06eb01535f6104e80005|shenyun.androiddemo"}}
  2016-03-3111:13:53 [main] INFO  com.creditease.xyuan.httpTest.Util.MyLog(line-20) 500   - 接收数据并返回，10秒内检查缓存区内容，防止服务端响应不及时
  2016-03-3111:13:54 [main] INFO  com.creditease.xyuan.httpTest.Util.MyLog(line-20) 1513  - 接收到数据{"body":"{\"uid\":\"bfe98949d53e7177fca21d2f84a1d2ea\"}","header":{"reqId":"123","resType":"login","status":"1","uid":"bfe98949d53e7177fca21d2f84a1d2ea"}}
  2016-03-3111:13:54 [main] INFO  com.creditease.xyuan.httpTest.Util.MyLog(line-20) 1513  - 结果验证
  2016-03-3111:13:54 [main] INFO  com.creditease.xyuan.httpTest.Util.MyLog(line-20) 1513  - 验证的方法名：newUserLogin
  2016-03-3111:13:54 [main] INFO  com.creditease.xyuan.httpTest.Util.MyLog(line-20) 1513  - 处理FUNC参数，动态生成数据
  2016-03-3111:13:54 [main] INFO  com.creditease.xyuan.httpTest.Util.MyLog(line-20) 1513  - 处理FUNC参数，动态生成数据
  2016-03-3111:13:54 [main] INFO  com.creditease.xyuan.httpTest.Util.MyLog(line-20) 1513  - 处理FUNC参数，动态生成数据
  2016-03-3111:13:54 [main] INFO  com.creditease.xyuan.httpTest.Util.MyLog(line-20) 1576  - TESTNG动态执行用例。模块名：alias,用例名称：setAlias
  2016-03-3111:13:54 [main] INFO  com.creditease.xyuan.httpTest.Util.MyLog(line-20) 1592  - 取得用例配置
  2016-03-3111:13:54 [main] INFO  com.creditease.xyuan.httpTest.Util.MyLog(line-20) 1592  - 开始执行SOCKET处理流程
  2016-03-3111:13:54 [main] INFO  com.creditease.xyuan.httpTest.Util.MyLog(line-20) 1592  - 取得配置数据数据alias
  2016-03-3111:13:54 [main] INFO  com.creditease.xyuan.httpTest.Util.MyLog(line-20) 1592  - 取得业务数据:setAlias
  2016-03-3111:13:54 [main] INFO  com.creditease.xyuan.httpTest.Util.MyLog(line-20) 1592  - 执行SOCKET请求
  2016-03-3111:13:54 [main] INFO  com.creditease.xyuan.httpTest.Util.MyLog(line-20) 1592  - 连接仍存在，重用连接
  2016-03-3111:13:54 [main] INFO  com.creditease.xyuan.httpTest.Util.MyLog(line-20) 1592  - 发送 数据:{"body":{"alias":"别名test_123"},"header":{"uid":"e7c74c33dcfdd4f8501fcb348eb9b246","reqId":"123","reqType":"alias"}}
  2016-03-3111:13:54 [main] INFO  com.creditease.xyuan.httpTest.Util.MyLog(line-20) 1592  - 接收数据并返回，10秒内检查缓存区内容，防止服务端响应不及时
  2016-03-3111:13:55 [main] INFO  com.creditease.xyuan.httpTest.Util.MyLog(line-20) 2606  - 接收到数据{"body":"处理成功","header":{"message":"处理成功","reqId":"123","resType":"alias","status":"1"}}
  2016-03-3111:13:55 [main] INFO  com.creditease.xyuan.httpTest.Util.MyLog(line-20) 2606  - 结果验证
  2016-03-3111:13:55 [main] INFO  com.creditease.xyuan.httpTest.Util.MyLog(line-20) 2606  - 验证的方法名：setAlias
  2016-03-3111:17:04 [main] INFO  com.creditease.xyuan.httpTest.Util.MyLog(line-20) 0     - 取得runmode
  2016-03-3111:17:04 [main] INFO  com.creditease.xyuan.httpTest.Util.MyLog(line-20) 16    - runMode:3，运行AppointedTest.xml下的指定用例 
  2016-03-3111:17:04 [main] INFO  com.creditease.xyuan.httpTest.Util.MyLog(line-20) 16    - 取得待运行的测试用例
  2016-03-3111:17:04 [main] INFO  com.creditease.xyuan.httpTest.Util.MyLog(line-20) 203   - 运行顺序执行的用例
  2016-03-3111:17:04 [main] INFO  com.creditease.xyuan.httpTest.Util.MyLog(line-20) 203   - TESTNG动态执行用例。模块名：connect,用例名称：newUserLogin
  2016-03-3111:17:04 [main] INFO  com.creditease.xyuan.httpTest.Util.MyLog(line-20) 374   - 取得用例配置
  2016-03-3111:17:04 [main] INFO  com.creditease.xyuan.httpTest.Util.MyLog(line-20) 390   - 开始执行SOCKET处理流程
  2016-03-3111:17:04 [main] INFO  com.creditease.xyuan.httpTest.Util.MyLog(line-20) 390   - 取得配置数据数据connect
  2016-03-3111:17:04 [main] INFO  com.creditease.xyuan.httpTest.Util.MyLog(line-20) 390   - 取得业务数据:newUserLogin
  2016-03-3111:17:04 [main] INFO  com.creditease.xyuan.httpTest.Util.MyLog(line-20) 406   - 处理FUNC参数，动态生成数据
  2016-03-3111:17:04 [main] INFO  com.creditease.xyuan.httpTest.Util.MyLog(line-20) 406   - 处理FUNC参数，动态生成数据
  2016-03-3111:17:04 [main] INFO  com.creditease.xyuan.httpTest.Util.MyLog(line-20) 406   - 处理FUNC参数，动态生成数据
  2016-03-3111:17:04 [main] INFO  com.creditease.xyuan.httpTest.Util.MyLog(line-20) 484   - 执行SOCKET请求
  2016-03-3111:17:04 [main] INFO  com.creditease.xyuan.httpTest.Util.MyLog(line-20) 484   - 建立新连接
  2016-03-3111:17:05 [main] INFO  com.creditease.xyuan.httpTest.Util.MyLog(line-20) 1513  - 发送 数据:{"body":{"uid":"","platform":"android","osVersion":"4.2.2","imei":"844103157049063","mac":"0B:5F:E6:60:D5:88","devMode":"hw-h601","serialNum":"6416523676334842"},"header":{"reqId":"123","reqType":"login","appKey":"8aa4a89a535a06eb01535f6104e80005|shenyun.androiddemo"}}
  2016-03-3111:17:05 [main] INFO  com.creditease.xyuan.httpTest.Util.MyLog(line-20) 1513  - 接收数据并返回，10秒内检查缓存区内容，防止服务端响应不及时
  2016-03-3111:17:06 [main] INFO  com.creditease.xyuan.httpTest.Util.MyLog(line-20) 2527  - 接收到数据{"body":"{\"uid\":\"7baa85ebe930cbebb84b55036a3f543a\"}","header":{"reqId":"123","resType":"login","status":"1","uid":"7baa85ebe930cbebb84b55036a3f543a"}}
  2016-03-3111:17:06 [main] INFO  com.creditease.xyuan.httpTest.Util.MyLog(line-20) 2527  - 结果验证
  2016-03-3111:17:06 [main] INFO  com.creditease.xyuan.httpTest.Util.MyLog(line-20) 2527  - 验证的方法名：newUserLogin
  2016-03-3111:17:06 [main] INFO  com.creditease.xyuan.httpTest.Util.MyLog(line-20) 2527  - 处理FUNC参数，动态生成数据
  2016-03-3111:17:06 [main] INFO  com.creditease.xyuan.httpTest.Util.MyLog(line-20) 2527  - 处理FUNC参数，动态生成数据
  2016-03-3111:17:06 [main] INFO  com.creditease.xyuan.httpTest.Util.MyLog(line-20) 2527  - 处理FUNC参数，动态生成数据
  2016-03-3111:17:06 [main] INFO  com.creditease.xyuan.httpTest.Util.MyLog(line-20) 2591  - TESTNG动态执行用例。模块名：alias,用例名称：setAlias
  2016-03-3111:17:06 [main] INFO  com.creditease.xyuan.httpTest.Util.MyLog(line-20) 2606  - 取得用例配置
  2016-03-3111:17:06 [main] INFO  com.creditease.xyuan.httpTest.Util.MyLog(line-20) 2606  - 开始执行SOCKET处理流程
  2016-03-3111:17:06 [main] INFO  com.creditease.xyuan.httpTest.Util.MyLog(line-20) 2606  - 取得配置数据数据alias
  2016-03-3111:17:06 [main] INFO  com.creditease.xyuan.httpTest.Util.MyLog(line-20) 2606  - 取得业务数据:setAlias
  2016-03-3111:17:06 [main] INFO  com.creditease.xyuan.httpTest.Util.MyLog(line-20) 2606  - 执行SOCKET请求
  2016-03-3111:17:06 [main] INFO  com.creditease.xyuan.httpTest.Util.MyLog(line-20) 2606  - 连接仍存在，重用连接
  2016-03-3111:17:06 [main] INFO  com.creditease.xyuan.httpTest.Util.MyLog(line-20) 2606  - 发送 数据:{"body":{"alias":"别名test_123"},"header":{"uid":"bfe98949d53e7177fca21d2f84a1d2ea","reqId":"123","reqType":"alias"}}
  2016-03-3111:17:06 [main] INFO  com.creditease.xyuan.httpTest.Util.MyLog(line-20) 2606  - 接收数据并返回，10秒内检查缓存区内容，防止服务端响应不及时
  2016-03-3111:17:07 [main] INFO  com.creditease.xyuan.httpTest.Util.MyLog(line-20) 3620  - 接收到数据{"body":"处理成功","header":{"message":"处理成功","reqId":"123","resType":"alias","status":"1"}}
  2016-03-3111:17:07 [main] INFO  com.creditease.xyuan.httpTest.Util.MyLog(line-20) 3620  - 结果验证
  2016-03-3111:17:07 [main] INFO  com.creditease.xyuan.httpTest.Util.MyLog(line-20) 3620  - 验证的方法名：setAlias
  2016-03-3111:18:34 [main] INFO  com.creditease.xyuan.httpTest.Util.MyLog(line-20) 0     - 取得runmode
  2016-03-3111:18:34 [main] INFO  com.creditease.xyuan.httpTest.Util.MyLog(line-20) 0     - runMode:3，运行AppointedTest.xml下的指定用例 
  2016-03-3111:18:34 [main] INFO  com.creditease.xyuan.httpTest.Util.MyLog(line-20) 0     - 取得待运行的测试用例
  2016-03-3111:18:34 [main] INFO  com.creditease.xyuan.httpTest.Util.MyLog(line-20) 187   - 运行顺序执行的用例
  2016-03-3111:18:34 [main] INFO  com.creditease.xyuan.httpTest.Util.MyLog(line-20) 187   - TESTNG动态执行用例。模块名：connect,用例名称：newUserLogin
  2016-03-3111:18:35 [main] INFO  com.creditease.xyuan.httpTest.Util.MyLog(line-20) 359   - 取得用例配置
  2016-03-3111:18:35 [main] INFO  com.creditease.xyuan.httpTest.Util.MyLog(line-20) 359   - 开始执行SOCKET处理流程
  2016-03-3111:18:35 [main] INFO  com.creditease.xyuan.httpTest.Util.MyLog(line-20) 374   - 取得配置数据数据connect
  2016-03-3111:18:35 [main] INFO  com.creditease.xyuan.httpTest.Util.MyLog(line-20) 374   - 取得业务数据:newUserLogin
  2016-03-3111:18:35 [main] INFO  com.creditease.xyuan.httpTest.Util.MyLog(line-20) 374   - 处理FUNC参数，动态生成数据
  2016-03-3111:18:35 [main] INFO  com.creditease.xyuan.httpTest.Util.MyLog(line-20) 374   - 处理FUNC参数，动态生成数据
  2016-03-3111:18:35 [main] INFO  com.creditease.xyuan.httpTest.Util.MyLog(line-20) 374   - 处理FUNC参数，动态生成数据
  2016-03-3111:18:35 [main] INFO  com.creditease.xyuan.httpTest.Util.MyLog(line-20) 452   - 执行SOCKET请求
  2016-03-3111:18:35 [main] INFO  com.creditease.xyuan.httpTest.Util.MyLog(line-20) 452   - 建立新连接
  2016-03-3111:18:35 [main] INFO  com.creditease.xyuan.httpTest.Util.MyLog(line-20) 468   - 发送 数据:{"body":{"uid":"","platform":"android","osVersion":"4.2.2","imei":"077663401514544","mac":"A9:E7:EC:8C:64:7F","devMode":"hw-h601","serialNum":"5570866269656802"},"header":{"reqId":"123","reqType":"login","appKey":"8aa4a89a535a06eb01535f6104e80005|shenyun.androiddemo"}}
  2016-03-3111:18:35 [main] INFO  com.creditease.xyuan.httpTest.Util.MyLog(line-20) 468   - 接收数据并返回，10秒内检查缓存区内容，防止服务端响应不及时
  2016-03-3111:18:36 [main] INFO  com.creditease.xyuan.httpTest.Util.MyLog(line-20) 1482  - 接收到数据{"body":"{\"uid\":\"a2c3a9342ec8496f51e17771fdb8b01e\"}","header":{"reqId":"123","resType":"login","status":"1","uid":"a2c3a9342ec8496f51e17771fdb8b01e"}}
  2016-03-3111:18:36 [main] INFO  com.creditease.xyuan.httpTest.Util.MyLog(line-20) 1482  - 结果验证
  2016-03-3111:18:36 [main] INFO  com.creditease.xyuan.httpTest.Util.MyLog(line-20) 1482  - 验证的方法名：newUserLogin
  2016-03-3111:18:36 [main] INFO  com.creditease.xyuan.httpTest.Util.MyLog(line-20) 1482  - 处理FUNC参数，动态生成数据
  2016-03-3111:18:36 [main] INFO  com.creditease.xyuan.httpTest.Util.MyLog(line-20) 1482  - 处理FUNC参数，动态生成数据
  2016-03-3111:18:36 [main] INFO  com.creditease.xyuan.httpTest.Util.MyLog(line-20) 1482  - 处理FUNC参数，动态生成数据
  2016-03-3111:18:36 [main] INFO  com.creditease.xyuan.httpTest.Util.MyLog(line-20) 1545  - TESTNG动态执行用例。模块名：alias,用例名称：setAlias
  2016-03-3111:18:36 [main] INFO  com.creditease.xyuan.httpTest.Util.MyLog(line-20) 1561  - 取得用例配置
  2016-03-3111:18:36 [main] INFO  com.creditease.xyuan.httpTest.Util.MyLog(line-20) 1561  - 开始执行SOCKET处理流程
  2016-03-3111:18:36 [main] INFO  com.creditease.xyuan.httpTest.Util.MyLog(line-20) 1561  - 取得配置数据数据alias
  2016-03-3111:18:36 [main] INFO  com.creditease.xyuan.httpTest.Util.MyLog(line-20) 1561  - 取得业务数据:setAlias
  2016-03-3111:18:36 [main] INFO  com.creditease.xyuan.httpTest.Util.MyLog(line-20) 1561  - 执行SOCKET请求
  2016-03-3111:18:36 [main] INFO  com.creditease.xyuan.httpTest.Util.MyLog(line-20) 1561  - 连接仍存在，重用连接
  2016-03-3111:18:36 [main] INFO  com.creditease.xyuan.httpTest.Util.MyLog(line-20) 1561  - 发送 数据:{"body":{"alias":"别名test_123"},"header":{"uid":"bfe98949d53e7177fca21d2f84a1d2ea","reqId":"123","reqType":"alias"}}
  2016-03-3111:18:36 [main] INFO  com.creditease.xyuan.httpTest.Util.MyLog(line-20) 1561  - 接收数据并返回，10秒内检查缓存区内容，防止服务端响应不及时
  2016-03-3111:18:37 [main] INFO  com.creditease.xyuan.httpTest.Util.MyLog(line-20) 2575  - 接收到数据{"body":"处理成功","header":{"message":"处理成功","reqId":"123","resType":"alias","status":"1"}}
  2016-03-3111:18:37 [main] INFO  com.creditease.xyuan.httpTest.Util.MyLog(line-20) 2575  - 结果验证
  2016-03-3111:18:37 [main] INFO  com.creditease.xyuan.httpTest.Util.MyLog(line-20) 2575  - 验证的方法名：setAlias
  2016-03-3111:20:44 [main] INFO  com.creditease.xyuan.httpTest.Util.MyLog(line-20) 0     - 取得runmode
  2016-03-3111:20:44 [main] INFO  com.creditease.xyuan.httpTest.Util.MyLog(line-20) 16    - runMode:3，运行AppointedTest.xml下的指定用例 
  2016-03-3111:20:44 [main] INFO  com.creditease.xyuan.httpTest.Util.MyLog(line-20) 16    - 取得待运行的测试用例
  2016-03-3111:20:44 [main] INFO  com.creditease.xyuan.httpTest.Util.MyLog(line-20) 187   - 运行顺序执行的用例
  2016-03-3111:20:44 [main] INFO  com.creditease.xyuan.httpTest.Util.MyLog(line-20) 203   - TESTNG动态执行用例。模块名：connect,用例名称：oldUserLoginWithUID
  2016-03-3111:20:44 [main] INFO  com.creditease.xyuan.httpTest.Util.MyLog(line-20) 359   - 取得用例配置
  2016-03-3111:20:44 [main] INFO  com.creditease.xyuan.httpTest.Util.MyLog(line-20) 374   - 开始执行SOCKET处理流程
  2016-03-3111:20:44 [main] INFO  com.creditease.xyuan.httpTest.Util.MyLog(line-20) 374   - 取得配置数据数据connect
  2016-03-3111:20:44 [main] INFO  com.creditease.xyuan.httpTest.Util.MyLog(line-20) 374   - 取得业务数据:oldUserLoginWithUID
  2016-03-3111:20:44 [main] INFO  com.creditease.xyuan.httpTest.Util.MyLog(line-20) 452   - 执行SOCKET请求
  2016-03-3111:20:44 [main] INFO  com.creditease.xyuan.httpTest.Util.MyLog(line-20) 468   - 建立新连接
  2016-03-3111:20:45 [main] INFO  com.creditease.xyuan.httpTest.Util.MyLog(line-20) 1482  - 发送 数据:{"body":{"uid":"a2c3a9342ec8496f51e17771fdb8b01e","platform":"android","osVersion":"5.0.2","imei":"867628025939315","devMode":"PLK-TL01H","mac":"ac:cf:85:47:6c:e4","serialNum":"MYV0215A13000951"},"header":{"reqId":"123","reqType":"login","appKey":"8aa4a89a535a06eb01535f6104e80005|shenyun.androiddemo"}}
  2016-03-3111:20:45 [main] INFO  com.creditease.xyuan.httpTest.Util.MyLog(line-20) 1482  - 接收数据并返回，10秒内检查缓存区内容，防止服务端响应不及时
  2016-03-3111:20:46 [main] INFO  com.creditease.xyuan.httpTest.Util.MyLog(line-20) 2496  - 接收到数据{"body":"{\"uid\":\"d2748ea7d6fe96136259e0c4e4879f36\"}","header":{"reqId":"123","resType":"login","status":"1","uid":"d2748ea7d6fe96136259e0c4e4879f36"}}
  2016-03-3111:20:46 [main] INFO  com.creditease.xyuan.httpTest.Util.MyLog(line-20) 2496  - 结果验证
  2016-03-3111:20:46 [main] INFO  com.creditease.xyuan.httpTest.Util.MyLog(line-20) 2496  - 验证的方法名：oldUserLoginWithUID
  2016-03-3111:20:46 [main] INFO  com.creditease.xyuan.httpTest.Util.MyLog(line-20) 2575  - TESTNG动态执行用例。模块名：alias,用例名称：setAlias
  2016-03-3111:20:46 [main] INFO  com.creditease.xyuan.httpTest.Util.MyLog(line-20) 2575  - 取得用例配置
  2016-03-3111:20:46 [main] INFO  com.creditease.xyuan.httpTest.Util.MyLog(line-20) 2575  - 开始执行SOCKET处理流程
  2016-03-3111:20:46 [main] INFO  com.creditease.xyuan.httpTest.Util.MyLog(line-20) 2575  - 取得配置数据数据alias
  2016-03-3111:20:46 [main] INFO  com.creditease.xyuan.httpTest.Util.MyLog(line-20) 2575  - 取得业务数据:setAlias
  2016-03-3111:20:46 [main] INFO  com.creditease.xyuan.httpTest.Util.MyLog(line-20) 2591  - 执行SOCKET请求
  2016-03-3111:20:46 [main] INFO  com.creditease.xyuan.httpTest.Util.MyLog(line-20) 2591  - 连接仍存在，重用连接
  2016-03-3111:20:46 [main] INFO  com.creditease.xyuan.httpTest.Util.MyLog(line-20) 2591  - 发送 数据:{"body":{"alias":"别名test_123"},"header":{"uid":"a2c3a9342ec8496f51e17771fdb8b01e","reqId":"123","reqType":"alias"}}
  2016-03-3111:20:46 [main] INFO  com.creditease.xyuan.httpTest.Util.MyLog(line-20) 2591  - 接收数据并返回，10秒内检查缓存区内容，防止服务端响应不及时
  2016-03-3111:20:47 [main] INFO  com.creditease.xyuan.httpTest.Util.MyLog(line-20) 3605  - 接收到数据{"body":"处理成功","header":{"message":"处理成功","reqId":"123","resType":"alias","status":"1"}}
  2016-03-3111:20:47 [main] INFO  com.creditease.xyuan.httpTest.Util.MyLog(line-20) 3605  - 结果验证
  2016-03-3111:20:47 [main] INFO  com.creditease.xyuan.httpTest.Util.MyLog(line-20) 3605  - 验证的方法名：setAlias
  2016-03-3111:26:45 [main] INFO  com.creditease.xyuan.httpTest.Util.MyLog(line-20) 0     - 取得runmode
  2016-03-3111:26:45 [main] INFO  com.creditease.xyuan.httpTest.Util.MyLog(line-20) 0     - runMode:3，运行AppointedTest.xml下的指定用例 
  2016-03-3111:26:45 [main] INFO  com.creditease.xyuan.httpTest.Util.MyLog(line-20) 0     - 取得待运行的测试用例
  2016-03-3111:26:45 [main] INFO  com.creditease.xyuan.httpTest.Util.MyLog(line-20) 187   - 运行顺序执行的用例
  2016-03-3111:26:45 [main] INFO  com.creditease.xyuan.httpTest.Util.MyLog(line-20) 187   - TESTNG动态执行用例。模块名：connect,用例名称：newUserLogin
  2016-03-3111:26:45 [main] INFO  com.creditease.xyuan.httpTest.Util.MyLog(line-20) 359   - 取得用例配置
  2016-03-3111:26:45 [main] INFO  com.creditease.xyuan.httpTest.Util.MyLog(line-20) 359   - 开始执行SOCKET处理流程
  2016-03-3111:26:45 [main] INFO  com.creditease.xyuan.httpTest.Util.MyLog(line-20) 359   - 取得配置数据数据connect
  2016-03-3111:26:45 [main] INFO  com.creditease.xyuan.httpTest.Util.MyLog(line-20) 375   - 取得业务数据:newUserLogin
  2016-03-3111:26:45 [main] INFO  com.creditease.xyuan.httpTest.Util.MyLog(line-20) 375   - 处理FUNC参数，动态生成数据
  2016-03-3111:26:45 [main] INFO  com.creditease.xyuan.httpTest.Util.MyLog(line-20) 375   - 处理FUNC参数，动态生成数据
  2016-03-3111:26:45 [main] INFO  com.creditease.xyuan.httpTest.Util.MyLog(line-20) 375   - 处理FUNC参数，动态生成数据
  2016-03-3111:26:45 [main] INFO  com.creditease.xyuan.httpTest.Util.MyLog(line-20) 453   - 执行SOCKET请求
  2016-03-3111:26:45 [main] INFO  com.creditease.xyuan.httpTest.Util.MyLog(line-20) 453   - 建立新连接
  2016-03-3111:26:46 [main] INFO  com.creditease.xyuan.httpTest.Util.MyLog(line-20) 1482  - 发送 数据:{"body":{"uid":"","platform":"android","osVersion":"4.2.2","imei":"404727430749239","mac":"2E:A9:36:71:2E:AC","devMode":"hw-h601","serialNum":"3460721730764943"},"header":{"reqId":"123","reqType":"login","appKey":"8aa4a89a52810799015281c6e36e0009|com.test.pushdemo"}}
  2016-03-3111:26:46 [main] INFO  com.creditease.xyuan.httpTest.Util.MyLog(line-20) 1482  - 接收数据并返回，10秒内检查缓存区内容，防止服务端响应不及时
  2016-03-3111:26:47 [main] INFO  com.creditease.xyuan.httpTest.Util.MyLog(line-20) 2496  - 接收到数据{"body":"{\"uid\":\"40a425e25263ee1747d24d6d62f8cf1b\"}","header":{"reqId":"123","resType":"login","status":"1","uid":"40a425e25263ee1747d24d6d62f8cf1b"}}
  2016-03-3111:26:47 [main] INFO  com.creditease.xyuan.httpTest.Util.MyLog(line-20) 2496  - 结果验证
  2016-03-3111:26:47 [main] INFO  com.creditease.xyuan.httpTest.Util.MyLog(line-20) 2496  - 验证的方法名：newUserLogin
  2016-03-3111:26:47 [main] INFO  com.creditease.xyuan.httpTest.Util.MyLog(line-20) 2496  - 处理FUNC参数，动态生成数据
  2016-03-3111:26:47 [main] INFO  com.creditease.xyuan.httpTest.Util.MyLog(line-20) 2496  - 处理FUNC参数，动态生成数据
  2016-03-3111:26:47 [main] INFO  com.creditease.xyuan.httpTest.Util.MyLog(line-20) 2496  - 处理FUNC参数，动态生成数据
  2016-03-3111:26:47 [main] INFO  com.creditease.xyuan.httpTest.Util.MyLog(line-20) 2560  - TESTNG动态执行用例。模块名：alias,用例名称：setAliasByInput
  2016-03-3111:26:47 [main] INFO  com.creditease.xyuan.httpTest.Util.MyLog(line-20) 2575  - 取得用例配置
  2016-03-3111:26:47 [main] INFO  com.creditease.xyuan.httpTest.Util.MyLog(line-20) 2575  - 开始执行SOCKET处理流程
  2016-03-3111:26:47 [main] INFO  com.creditease.xyuan.httpTest.Util.MyLog(line-20) 2575  - 取得配置数据数据alias
  2016-03-3111:26:47 [main] INFO  com.creditease.xyuan.httpTest.Util.MyLog(line-20) 2575  - 取得业务数据:setAliasByInput
  2016-03-3111:26:47 [main] INFO  com.creditease.xyuan.httpTest.Util.MyLog(line-20) 2575  - 处理INPUT参数，从OUTPUT中得到数据
  2016-03-3111:26:47 [main] INFO  com.creditease.xyuan.httpTest.Util.MyLog(line-20) 2575  - 执行SOCKET请求
  2016-03-3111:26:47 [main] INFO  com.creditease.xyuan.httpTest.Util.MyLog(line-20) 2575  - 连接仍存在，重用连接
  2016-03-3111:26:47 [main] INFO  com.creditease.xyuan.httpTest.Util.MyLog(line-20) 2575  - 发送 数据:{"body":{"alias":"别名input_123"},"header":{"uid":"40a425e25263ee1747d24d6d62f8cf1b","reqId":"123","reqType":"alias"}}
  2016-03-3111:26:47 [main] INFO  com.creditease.xyuan.httpTest.Util.MyLog(line-20) 2575  - 接收数据并返回，10秒内检查缓存区内容，防止服务端响应不及时
  2016-03-3111:26:48 [main] INFO  com.creditease.xyuan.httpTest.Util.MyLog(line-20) 3589  - 接收到数据{"body":"处理成功","header":{"message":"处理成功","reqId":"123","resType":"alias","status":"1"}}
  2016-03-3111:26:48 [main] INFO  com.creditease.xyuan.httpTest.Util.MyLog(line-20) 3589  - 结果验证
  2016-03-3111:26:48 [main] INFO  com.creditease.xyuan.httpTest.Util.MyLog(line-20) 3589  - 验证的方法名：setAliasByInput
  2016-03-3111:26:48 [main] INFO  com.creditease.xyuan.httpTest.Util.MyLog(line-20) 3589  - 处理INPUT参数，从OUTPUT中得到数据
  2016-03-3111:26:48 [main] ERROR com.creditease.xyuan.httpTest.Util.MyLog(line-24) 3589  - com.creditease.xyuan.httpTest.Assert.alias.setAliasByInput()
  2016-03-3111:27:22 [main] INFO  com.creditease.xyuan.httpTest.Util.MyLog(line-20) 0     - 取得runmode
  2016-03-3111:27:22 [main] INFO  com.creditease.xyuan.httpTest.Util.MyLog(line-20) 0     - runMode:3，运行AppointedTest.xml下的指定用例 
  2016-03-3111:27:22 [main] INFO  com.creditease.xyuan.httpTest.Util.MyLog(line-20) 0     - 取得待运行的测试用例
  2016-03-3111:27:22 [main] INFO  com.creditease.xyuan.httpTest.Util.MyLog(line-20) 172   - 运行顺序执行的用例
  2016-03-3111:27:22 [main] INFO  com.creditease.xyuan.httpTest.Util.MyLog(line-20) 172   - TESTNG动态执行用例。模块名：connect,用例名称：newUserLogin
  2016-03-3111:27:23 [main] INFO  com.creditease.xyuan.httpTest.Util.MyLog(line-20) 344   - 取得用例配置
  2016-03-3111:27:23 [main] INFO  com.creditease.xyuan.httpTest.Util.MyLog(line-20) 359   - 开始执行SOCKET处理流程
  2016-03-3111:27:23 [main] INFO  com.creditease.xyuan.httpTest.Util.MyLog(line-20) 359   - 取得配置数据数据connect
  2016-03-3111:27:23 [main] INFO  com.creditease.xyuan.httpTest.Util.MyLog(line-20) 359   - 取得业务数据:newUserLogin
  2016-03-3111:27:23 [main] INFO  com.creditease.xyuan.httpTest.Util.MyLog(line-20) 359   - 处理FUNC参数，动态生成数据
  2016-03-3111:27:23 [main] INFO  com.creditease.xyuan.httpTest.Util.MyLog(line-20) 359   - 处理FUNC参数，动态生成数据
  2016-03-3111:27:23 [main] INFO  com.creditease.xyuan.httpTest.Util.MyLog(line-20) 359   - 处理FUNC参数，动态生成数据
  2016-03-3111:27:23 [main] INFO  com.creditease.xyuan.httpTest.Util.MyLog(line-20) 437   - 执行SOCKET请求
  2016-03-3111:27:23 [main] INFO  com.creditease.xyuan.httpTest.Util.MyLog(line-20) 437   - 建立新连接
  2016-03-3111:27:23 [main] INFO  com.creditease.xyuan.httpTest.Util.MyLog(line-20) 453   - 发送 数据:{"body":{"uid":"","platform":"android","osVersion":"4.2.2","imei":"584309264326031","mac":"38:B2:1A:31:98:04","devMode":"hw-h601","serialNum":"2275990132487620"},"header":{"reqId":"123","reqType":"login","appKey":"8aa4a89a52810799015281c6e36e0009|com.test.pushdemo"}}
  2016-03-3111:27:23 [main] INFO  com.creditease.xyuan.httpTest.Util.MyLog(line-20) 453   - 接收数据并返回，10秒内检查缓存区内容，防止服务端响应不及时
  2016-03-3111:27:24 [main] INFO  com.creditease.xyuan.httpTest.Util.MyLog(line-20) 1467  - 接收到数据{"body":"{\"uid\":\"2c3a78822c954e61fd4af567973f7620\"}","header":{"reqId":"123","resType":"login","status":"1","uid":"2c3a78822c954e61fd4af567973f7620"}}
  2016-03-3111:27:24 [main] INFO  com.creditease.xyuan.httpTest.Util.MyLog(line-20) 1467  - 结果验证
  2016-03-3111:27:24 [main] INFO  com.creditease.xyuan.httpTest.Util.MyLog(line-20) 1467  - 验证的方法名：newUserLogin
  2016-03-3111:27:24 [main] INFO  com.creditease.xyuan.httpTest.Util.MyLog(line-20) 1467  - 处理FUNC参数，动态生成数据
  2016-03-3111:27:24 [main] INFO  com.creditease.xyuan.httpTest.Util.MyLog(line-20) 1467  - 处理FUNC参数，动态生成数据
  2016-03-3111:27:24 [main] INFO  com.creditease.xyuan.httpTest.Util.MyLog(line-20) 1467  - 处理FUNC参数，动态生成数据
  2016-03-3111:27:24 [main] INFO  com.creditease.xyuan.httpTest.Util.MyLog(line-20) 1546  - TESTNG动态执行用例。模块名：alias,用例名称：setAliasByInput
  2016-03-3111:27:24 [main] INFO  com.creditease.xyuan.httpTest.Util.MyLog(line-20) 1546  - 取得用例配置
  2016-03-3111:27:24 [main] INFO  com.creditease.xyuan.httpTest.Util.MyLog(line-20) 1546  - 开始执行SOCKET处理流程
  2016-03-3111:27:24 [main] INFO  com.creditease.xyuan.httpTest.Util.MyLog(line-20) 1546  - 取得配置数据数据alias
  2016-03-3111:27:24 [main] INFO  com.creditease.xyuan.httpTest.Util.MyLog(line-20) 1561  - 取得业务数据:setAliasByInput
  2016-03-3111:27:24 [main] INFO  com.creditease.xyuan.httpTest.Util.MyLog(line-20) 1561  - 处理INPUT参数，从OUTPUT中得到数据
  2016-03-3111:27:24 [main] INFO  com.creditease.xyuan.httpTest.Util.MyLog(line-20) 1561  - 执行SOCKET请求
  2016-03-3111:27:24 [main] INFO  com.creditease.xyuan.httpTest.Util.MyLog(line-20) 1561  - 连接仍存在，重用连接
  2016-03-3111:27:24 [main] INFO  com.creditease.xyuan.httpTest.Util.MyLog(line-20) 1561  - 发送 数据:{"body":{"alias":"别名input_123"},"header":{"uid":"2c3a78822c954e61fd4af567973f7620","reqId":"123","reqType":"alias"}}
  2016-03-3111:27:24 [main] INFO  com.creditease.xyuan.httpTest.Util.MyLog(line-20) 1561  - 接收数据并返回，10秒内检查缓存区内容，防止服务端响应不及时
  2016-03-3111:27:25 [main] INFO  com.creditease.xyuan.httpTest.Util.MyLog(line-20) 2575  - 接收到数据{"body":"处理成功","header":{"message":"处理成功","reqId":"123","resType":"alias","status":"1"}}
  2016-03-3111:27:25 [main] INFO  com.creditease.xyuan.httpTest.Util.MyLog(line-20) 2575  - 结果验证
  2016-03-3111:27:25 [main] INFO  com.creditease.xyuan.httpTest.Util.MyLog(line-20) 2575  - 验证的方法名：setAliasByInput
  2016-03-3111:27:25 [main] INFO  com.creditease.xyuan.httpTest.Util.MyLog(line-20) 2575  - 处理INPUT参数，从OUTPUT中得到数据
  